<!DOCTYPE html>
<html>
<head>
<meta http-equiv="Content-Type" content="text/html; charset=utf-8"/>
<meta http-equiv="x-ua-compatible" content="IE=edge"/>
<title>Test results - Class taxipark.TestTask3FrequentPassengers</title>
<link href="../css/base-style.css" rel="stylesheet" type="text/css"/>
<link href="../css/style.css" rel="stylesheet" type="text/css"/>
<script src="../js/report.js" type="text/javascript"></script>
</head>
<body>
<div id="content">
<h1>Class taxipark.TestTask3FrequentPassengers</h1>
<div class="breadcrumbs">
<a href="../index.html">all</a> &gt; 
<a href="../packages/taxipark.html">taxipark</a> &gt; TestTask3FrequentPassengers</div>
<div id="summary">
<table>
<tr>
<td>
<div class="summaryGroup">
<table>
<tr>
<td>
<div class="infoBox" id="tests">
<div class="counter">11</div>
<p>tests</p>
</div>
</td>
<td>
<div class="infoBox" id="failures">
<div class="counter">9</div>
<p>failures</p>
</div>
</td>
<td>
<div class="infoBox" id="ignored">
<div class="counter">0</div>
<p>ignored</p>
</div>
</td>
<td>
<div class="infoBox" id="duration">
<div class="counter">0.076s</div>
<p>duration</p>
</div>
</td>
</tr>
</table>
</div>
</td>
<td>
<div class="infoBox failures" id="successRate">
<div class="percent">18%</div>
<p>successful</p>
</div>
</td>
</tr>
</table>
</div>
<div id="tabs">
<ul class="tabLinks">
<li>
<a href="#tab0">Failed tests</a>
</li>
<li>
<a href="#tab1">Tests</a>
</li>
<li>
<a href="#tab2">Standard output</a>
</li>
</ul>
<div id="tab0" class="tab">
<h2>Failed tests</h2>
<div class="test">
<a name="test0"></a>
<h3 class="failures">test0</h3>
<span class="code">
<pre>java.lang.AssertionError: Wrong result for 'findFrequentPassengers()'. Driver: D-1.
Taxi park:
Drivers: [D-1, D-2]
Passengers: [P-1, P-2, P-3, P-4]
Trips: [(D-1, [P-1], 10, 3.0), (D-1, [P-1], 10, 3.0), (D-1, [P-1, P-3], 10, 3.0), (D-1, [P-3], 10, 3.0), (D-1, [P-2], 10, 3.0), (D-2, [P-2], 10, 3.0)]
 expected:&lt;[Passenger(name=P-1), Passenger(name=P-3)]&gt; but was:&lt;[]&gt;
	at org.junit.Assert.fail(Assert.java:88)
	at org.junit.Assert.failNotEquals(Assert.java:834)
	at org.junit.Assert.assertEquals(Assert.java:118)
	at taxipark.TestTask3FrequentPassengers.testFrequentPassengers(TestTask3FrequentPassengers.kt:13)
	at taxipark.TestTask3FrequentPassengers.test0(TestTask3FrequentPassengers.kt:18)
	at sun.reflect.NativeMethodAccessorImpl.invoke0(Native Method)
	at sun.reflect.NativeMethodAccessorImpl.invoke(NativeMethodAccessorImpl.java:62)
	at sun.reflect.DelegatingMethodAccessorImpl.invoke(DelegatingMethodAccessorImpl.java:43)
	at java.lang.reflect.Method.invoke(Method.java:498)
	at org.junit.runners.model.FrameworkMethod$1.runReflectiveCall(FrameworkMethod.java:50)
	at org.junit.internal.runners.model.ReflectiveCallable.run(ReflectiveCallable.java:12)
	at org.junit.runners.model.FrameworkMethod.invokeExplosively(FrameworkMethod.java:47)
	at org.junit.internal.runners.statements.InvokeMethod.evaluate(InvokeMethod.java:17)
	at org.junit.runners.ParentRunner.runLeaf(ParentRunner.java:325)
	at org.junit.runners.BlockJUnit4ClassRunner.runChild(BlockJUnit4ClassRunner.java:78)
	at org.junit.runners.BlockJUnit4ClassRunner.runChild(BlockJUnit4ClassRunner.java:57)
	at org.junit.runners.ParentRunner$3.run(ParentRunner.java:290)
	at org.junit.runners.ParentRunner$1.schedule(ParentRunner.java:71)
	at org.junit.runners.ParentRunner.runChildren(ParentRunner.java:288)
	at org.junit.runners.ParentRunner.access$000(ParentRunner.java:58)
	at org.junit.runners.ParentRunner$2.evaluate(ParentRunner.java:268)
	at org.junit.runners.ParentRunner.run(ParentRunner.java:363)
	at org.gradle.api.internal.tasks.testing.junit.JUnitTestClassExecutor.runTestClass(JUnitTestClassExecutor.java:110)
	at org.gradle.api.internal.tasks.testing.junit.JUnitTestClassExecutor.execute(JUnitTestClassExecutor.java:58)
	at org.gradle.api.internal.tasks.testing.junit.JUnitTestClassExecutor.execute(JUnitTestClassExecutor.java:38)
	at org.gradle.api.internal.tasks.testing.junit.AbstractJUnitTestClassProcessor.processTestClass(AbstractJUnitTestClassProcessor.java:62)
	at org.gradle.api.internal.tasks.testing.SuiteTestClassProcessor.processTestClass(SuiteTestClassProcessor.java:51)
	at sun.reflect.NativeMethodAccessorImpl.invoke0(Native Method)
	at sun.reflect.NativeMethodAccessorImpl.invoke(NativeMethodAccessorImpl.java:62)
	at sun.reflect.DelegatingMethodAccessorImpl.invoke(DelegatingMethodAccessorImpl.java:43)
	at java.lang.reflect.Method.invoke(Method.java:498)
	at org.gradle.internal.dispatch.ReflectionDispatch.dispatch(ReflectionDispatch.java:36)
	at org.gradle.internal.dispatch.ReflectionDispatch.dispatch(ReflectionDispatch.java:24)
	at org.gradle.internal.dispatch.ContextClassLoaderDispatch.dispatch(ContextClassLoaderDispatch.java:33)
	at org.gradle.internal.dispatch.ProxyDispatchAdapter$DispatchingInvocationHandler.invoke(ProxyDispatchAdapter.java:94)
	at com.sun.proxy.$Proxy2.processTestClass(Unknown Source)
	at org.gradle.api.internal.tasks.testing.worker.TestWorker.processTestClass(TestWorker.java:119)
	at sun.reflect.NativeMethodAccessorImpl.invoke0(Native Method)
	at sun.reflect.NativeMethodAccessorImpl.invoke(NativeMethodAccessorImpl.java:62)
	at sun.reflect.DelegatingMethodAccessorImpl.invoke(DelegatingMethodAccessorImpl.java:43)
	at java.lang.reflect.Method.invoke(Method.java:498)
	at org.gradle.internal.dispatch.ReflectionDispatch.dispatch(ReflectionDispatch.java:36)
	at org.gradle.internal.dispatch.ReflectionDispatch.dispatch(ReflectionDispatch.java:24)
	at org.gradle.internal.remote.internal.hub.MessageHubBackedObjectConnection$DispatchWrapper.dispatch(MessageHubBackedObjectConnection.java:182)
	at org.gradle.internal.remote.internal.hub.MessageHubBackedObjectConnection$DispatchWrapper.dispatch(MessageHubBackedObjectConnection.java:164)
	at org.gradle.internal.remote.internal.hub.MessageHub$Handler.run(MessageHub.java:414)
	at org.gradle.internal.concurrent.ExecutorPolicy$CatchAndRecordFailures.onExecute(ExecutorPolicy.java:64)
	at org.gradle.internal.concurrent.ManagedExecutorImpl$1.run(ManagedExecutorImpl.java:48)
	at java.util.concurrent.ThreadPoolExecutor.runWorker(ThreadPoolExecutor.java:1149)
	at java.util.concurrent.ThreadPoolExecutor$Worker.run(ThreadPoolExecutor.java:624)
	at org.gradle.internal.concurrent.ThreadFactoryImpl$ManagedThreadRunnable.run(ThreadFactoryImpl.java:56)
	at java.lang.Thread.run(Thread.java:748)
</pre>
</span>
</div>
<div class="test">
<a name="test01"></a>
<h3 class="failures">test01</h3>
<span class="code">
<pre>java.lang.AssertionError: Wrong result for 'findFrequentPassengers()'. Driver: D-2.
Taxi park:
Drivers: [D-0, D-1, D-2]
Passengers: [P-0, P-1, P-2, P-3, P-4, P-5, P-6, P-7]
Trips: [(D-1, [P-3, P-6, P-4, P-1], 26, 22.0), (D-2, [P-7], 18, 27.0), (D-1, [P-1], 11, 37.0), (D-0, [P-0, P-7], 1, 6.0), (D-2, [P-6, P-7, P-5], 1, 37.0, 0.4), (D-2, [P-5, P-0], 39, 39.0, 0.2), (D-0, [P-1], 6, 15.0, 0.3), (D-2, [P-7], 36, 26.0, 0.1), (D-2, [P-5], 5, 24.0), (D-1, [P-7, P-5, P-0, P-1], 18, 22.0, 0.3)]
 expected:&lt;[Passenger(name=P-5), Passenger(name=P-7)]&gt; but was:&lt;[]&gt;
	at org.junit.Assert.fail(Assert.java:88)
	at org.junit.Assert.failNotEquals(Assert.java:834)
	at org.junit.Assert.assertEquals(Assert.java:118)
	at taxipark.TestTask3FrequentPassengers.testFrequentPassengers(TestTask3FrequentPassengers.kt:13)
	at taxipark.TestTask3FrequentPassengers.test01(TestTask3FrequentPassengers.kt:24)
	at sun.reflect.NativeMethodAccessorImpl.invoke0(Native Method)
	at sun.reflect.NativeMethodAccessorImpl.invoke(NativeMethodAccessorImpl.java:62)
	at sun.reflect.DelegatingMethodAccessorImpl.invoke(DelegatingMethodAccessorImpl.java:43)
	at java.lang.reflect.Method.invoke(Method.java:498)
	at org.junit.runners.model.FrameworkMethod$1.runReflectiveCall(FrameworkMethod.java:50)
	at org.junit.internal.runners.model.ReflectiveCallable.run(ReflectiveCallable.java:12)
	at org.junit.runners.model.FrameworkMethod.invokeExplosively(FrameworkMethod.java:47)
	at org.junit.internal.runners.statements.InvokeMethod.evaluate(InvokeMethod.java:17)
	at org.junit.runners.ParentRunner.runLeaf(ParentRunner.java:325)
	at org.junit.runners.BlockJUnit4ClassRunner.runChild(BlockJUnit4ClassRunner.java:78)
	at org.junit.runners.BlockJUnit4ClassRunner.runChild(BlockJUnit4ClassRunner.java:57)
	at org.junit.runners.ParentRunner$3.run(ParentRunner.java:290)
	at org.junit.runners.ParentRunner$1.schedule(ParentRunner.java:71)
	at org.junit.runners.ParentRunner.runChildren(ParentRunner.java:288)
	at org.junit.runners.ParentRunner.access$000(ParentRunner.java:58)
	at org.junit.runners.ParentRunner$2.evaluate(ParentRunner.java:268)
	at org.junit.runners.ParentRunner.run(ParentRunner.java:363)
	at org.gradle.api.internal.tasks.testing.junit.JUnitTestClassExecutor.runTestClass(JUnitTestClassExecutor.java:110)
	at org.gradle.api.internal.tasks.testing.junit.JUnitTestClassExecutor.execute(JUnitTestClassExecutor.java:58)
	at org.gradle.api.internal.tasks.testing.junit.JUnitTestClassExecutor.execute(JUnitTestClassExecutor.java:38)
	at org.gradle.api.internal.tasks.testing.junit.AbstractJUnitTestClassProcessor.processTestClass(AbstractJUnitTestClassProcessor.java:62)
	at org.gradle.api.internal.tasks.testing.SuiteTestClassProcessor.processTestClass(SuiteTestClassProcessor.java:51)
	at sun.reflect.NativeMethodAccessorImpl.invoke0(Native Method)
	at sun.reflect.NativeMethodAccessorImpl.invoke(NativeMethodAccessorImpl.java:62)
	at sun.reflect.DelegatingMethodAccessorImpl.invoke(DelegatingMethodAccessorImpl.java:43)
	at java.lang.reflect.Method.invoke(Method.java:498)
	at org.gradle.internal.dispatch.ReflectionDispatch.dispatch(ReflectionDispatch.java:36)
	at org.gradle.internal.dispatch.ReflectionDispatch.dispatch(ReflectionDispatch.java:24)
	at org.gradle.internal.dispatch.ContextClassLoaderDispatch.dispatch(ContextClassLoaderDispatch.java:33)
	at org.gradle.internal.dispatch.ProxyDispatchAdapter$DispatchingInvocationHandler.invoke(ProxyDispatchAdapter.java:94)
	at com.sun.proxy.$Proxy2.processTestClass(Unknown Source)
	at org.gradle.api.internal.tasks.testing.worker.TestWorker.processTestClass(TestWorker.java:119)
	at sun.reflect.NativeMethodAccessorImpl.invoke0(Native Method)
	at sun.reflect.NativeMethodAccessorImpl.invoke(NativeMethodAccessorImpl.java:62)
	at sun.reflect.DelegatingMethodAccessorImpl.invoke(DelegatingMethodAccessorImpl.java:43)
	at java.lang.reflect.Method.invoke(Method.java:498)
	at org.gradle.internal.dispatch.ReflectionDispatch.dispatch(ReflectionDispatch.java:36)
	at org.gradle.internal.dispatch.ReflectionDispatch.dispatch(ReflectionDispatch.java:24)
	at org.gradle.internal.remote.internal.hub.MessageHubBackedObjectConnection$DispatchWrapper.dispatch(MessageHubBackedObjectConnection.java:182)
	at org.gradle.internal.remote.internal.hub.MessageHubBackedObjectConnection$DispatchWrapper.dispatch(MessageHubBackedObjectConnection.java:164)
	at org.gradle.internal.remote.internal.hub.MessageHub$Handler.run(MessageHub.java:414)
	at org.gradle.internal.concurrent.ExecutorPolicy$CatchAndRecordFailures.onExecute(ExecutorPolicy.java:64)
	at org.gradle.internal.concurrent.ManagedExecutorImpl$1.run(ManagedExecutorImpl.java:48)
	at java.util.concurrent.ThreadPoolExecutor.runWorker(ThreadPoolExecutor.java:1149)
	at java.util.concurrent.ThreadPoolExecutor$Worker.run(ThreadPoolExecutor.java:624)
	at org.gradle.internal.concurrent.ThreadFactoryImpl$ManagedThreadRunnable.run(ThreadFactoryImpl.java:56)
	at java.lang.Thread.run(Thread.java:748)
</pre>
</span>
</div>
<div class="test">
<a name="test02"></a>
<h3 class="failures">test02</h3>
<span class="code">
<pre>java.lang.AssertionError: Wrong result for 'findFrequentPassengers()'. Driver: D-1.
Taxi park:
Drivers: [D-0, D-1, D-2]
Passengers: [P-0, P-1, P-2, P-3, P-4, P-5, P-6, P-7]
Trips: [(D-1, [P-3, P-6, P-4, P-1], 26, 22.0), (D-2, [P-7], 18, 27.0), (D-1, [P-1], 11, 37.0), (D-0, [P-0, P-7], 1, 6.0), (D-2, [P-6, P-7, P-5], 1, 37.0, 0.4), (D-2, [P-5, P-0], 39, 39.0, 0.2), (D-0, [P-1], 6, 15.0, 0.3), (D-2, [P-7], 36, 26.0, 0.1), (D-2, [P-5], 5, 24.0), (D-1, [P-7, P-5, P-0, P-1], 18, 22.0, 0.3)]
 expected:&lt;[Passenger(name=P-1)]&gt; but was:&lt;[]&gt;
	at org.junit.Assert.fail(Assert.java:88)
	at org.junit.Assert.failNotEquals(Assert.java:834)
	at org.junit.Assert.assertEquals(Assert.java:118)
	at taxipark.TestTask3FrequentPassengers.testFrequentPassengers(TestTask3FrequentPassengers.kt:13)
	at taxipark.TestTask3FrequentPassengers.test02(TestTask3FrequentPassengers.kt:37)
	at sun.reflect.NativeMethodAccessorImpl.invoke0(Native Method)
	at sun.reflect.NativeMethodAccessorImpl.invoke(NativeMethodAccessorImpl.java:62)
	at sun.reflect.DelegatingMethodAccessorImpl.invoke(DelegatingMethodAccessorImpl.java:43)
	at java.lang.reflect.Method.invoke(Method.java:498)
	at org.junit.runners.model.FrameworkMethod$1.runReflectiveCall(FrameworkMethod.java:50)
	at org.junit.internal.runners.model.ReflectiveCallable.run(ReflectiveCallable.java:12)
	at org.junit.runners.model.FrameworkMethod.invokeExplosively(FrameworkMethod.java:47)
	at org.junit.internal.runners.statements.InvokeMethod.evaluate(InvokeMethod.java:17)
	at org.junit.runners.ParentRunner.runLeaf(ParentRunner.java:325)
	at org.junit.runners.BlockJUnit4ClassRunner.runChild(BlockJUnit4ClassRunner.java:78)
	at org.junit.runners.BlockJUnit4ClassRunner.runChild(BlockJUnit4ClassRunner.java:57)
	at org.junit.runners.ParentRunner$3.run(ParentRunner.java:290)
	at org.junit.runners.ParentRunner$1.schedule(ParentRunner.java:71)
	at org.junit.runners.ParentRunner.runChildren(ParentRunner.java:288)
	at org.junit.runners.ParentRunner.access$000(ParentRunner.java:58)
	at org.junit.runners.ParentRunner$2.evaluate(ParentRunner.java:268)
	at org.junit.runners.ParentRunner.run(ParentRunner.java:363)
	at org.gradle.api.internal.tasks.testing.junit.JUnitTestClassExecutor.runTestClass(JUnitTestClassExecutor.java:110)
	at org.gradle.api.internal.tasks.testing.junit.JUnitTestClassExecutor.execute(JUnitTestClassExecutor.java:58)
	at org.gradle.api.internal.tasks.testing.junit.JUnitTestClassExecutor.execute(JUnitTestClassExecutor.java:38)
	at org.gradle.api.internal.tasks.testing.junit.AbstractJUnitTestClassProcessor.processTestClass(AbstractJUnitTestClassProcessor.java:62)
	at org.gradle.api.internal.tasks.testing.SuiteTestClassProcessor.processTestClass(SuiteTestClassProcessor.java:51)
	at sun.reflect.NativeMethodAccessorImpl.invoke0(Native Method)
	at sun.reflect.NativeMethodAccessorImpl.invoke(NativeMethodAccessorImpl.java:62)
	at sun.reflect.DelegatingMethodAccessorImpl.invoke(DelegatingMethodAccessorImpl.java:43)
	at java.lang.reflect.Method.invoke(Method.java:498)
	at org.gradle.internal.dispatch.ReflectionDispatch.dispatch(ReflectionDispatch.java:36)
	at org.gradle.internal.dispatch.ReflectionDispatch.dispatch(ReflectionDispatch.java:24)
	at org.gradle.internal.dispatch.ContextClassLoaderDispatch.dispatch(ContextClassLoaderDispatch.java:33)
	at org.gradle.internal.dispatch.ProxyDispatchAdapter$DispatchingInvocationHandler.invoke(ProxyDispatchAdapter.java:94)
	at com.sun.proxy.$Proxy2.processTestClass(Unknown Source)
	at org.gradle.api.internal.tasks.testing.worker.TestWorker.processTestClass(TestWorker.java:119)
	at sun.reflect.NativeMethodAccessorImpl.invoke0(Native Method)
	at sun.reflect.NativeMethodAccessorImpl.invoke(NativeMethodAccessorImpl.java:62)
	at sun.reflect.DelegatingMethodAccessorImpl.invoke(DelegatingMethodAccessorImpl.java:43)
	at java.lang.reflect.Method.invoke(Method.java:498)
	at org.gradle.internal.dispatch.ReflectionDispatch.dispatch(ReflectionDispatch.java:36)
	at org.gradle.internal.dispatch.ReflectionDispatch.dispatch(ReflectionDispatch.java:24)
	at org.gradle.internal.remote.internal.hub.MessageHubBackedObjectConnection$DispatchWrapper.dispatch(MessageHubBackedObjectConnection.java:182)
	at org.gradle.internal.remote.internal.hub.MessageHubBackedObjectConnection$DispatchWrapper.dispatch(MessageHubBackedObjectConnection.java:164)
	at org.gradle.internal.remote.internal.hub.MessageHub$Handler.run(MessageHub.java:414)
	at org.gradle.internal.concurrent.ExecutorPolicy$CatchAndRecordFailures.onExecute(ExecutorPolicy.java:64)
	at org.gradle.internal.concurrent.ManagedExecutorImpl$1.run(ManagedExecutorImpl.java:48)
	at java.util.concurrent.ThreadPoolExecutor.runWorker(ThreadPoolExecutor.java:1149)
	at java.util.concurrent.ThreadPoolExecutor$Worker.run(ThreadPoolExecutor.java:624)
	at org.gradle.internal.concurrent.ThreadFactoryImpl$ManagedThreadRunnable.run(ThreadFactoryImpl.java:56)
	at java.lang.Thread.run(Thread.java:748)
</pre>
</span>
</div>
<div class="test">
<a name="test03"></a>
<h3 class="failures">test03</h3>
<span class="code">
<pre>java.lang.AssertionError: Wrong result for 'findFrequentPassengers()'. Driver: D-1.
Taxi park:
Drivers: [D-0, D-1, D-2]
Passengers: [P-0, P-1, P-2, P-3, P-4, P-5, P-6, P-7]
Trips: [(D-2, [P-6, P-3, P-4], 35, 14.0, 0.4), (D-0, [P-2, P-1, P-5], 13, 2.0, 0.4), (D-0, [P-1, P-0], 14, 21.0), (D-1, [P-7], 18, 19.0, 0.4), (D-2, [P-3], 18, 24.0, 0.2), (D-2, [P-6, P-3], 8, 32.0), (D-2, [P-3, P-6], 36, 0.0, 0.4), (D-1, [P-3, P-0, P-2, P-7], 30, 23.0), (D-1, [P-0, P-4, P-3, P-1], 5, 39.0), (D-1, [P-2, P-7], 12, 38.0)]
 expected:&lt;[Passenger(name=P-0), Passenger(name=P-2), Passenger(name=P-3), Passenger(name=P-7)]&gt; but was:&lt;[]&gt;
	at org.junit.Assert.fail(Assert.java:88)
	at org.junit.Assert.failNotEquals(Assert.java:834)
	at org.junit.Assert.assertEquals(Assert.java:118)
	at taxipark.TestTask3FrequentPassengers.testFrequentPassengers(TestTask3FrequentPassengers.kt:13)
	at taxipark.TestTask3FrequentPassengers.test03(TestTask3FrequentPassengers.kt:50)
	at sun.reflect.NativeMethodAccessorImpl.invoke0(Native Method)
	at sun.reflect.NativeMethodAccessorImpl.invoke(NativeMethodAccessorImpl.java:62)
	at sun.reflect.DelegatingMethodAccessorImpl.invoke(DelegatingMethodAccessorImpl.java:43)
	at java.lang.reflect.Method.invoke(Method.java:498)
	at org.junit.runners.model.FrameworkMethod$1.runReflectiveCall(FrameworkMethod.java:50)
	at org.junit.internal.runners.model.ReflectiveCallable.run(ReflectiveCallable.java:12)
	at org.junit.runners.model.FrameworkMethod.invokeExplosively(FrameworkMethod.java:47)
	at org.junit.internal.runners.statements.InvokeMethod.evaluate(InvokeMethod.java:17)
	at org.junit.runners.ParentRunner.runLeaf(ParentRunner.java:325)
	at org.junit.runners.BlockJUnit4ClassRunner.runChild(BlockJUnit4ClassRunner.java:78)
	at org.junit.runners.BlockJUnit4ClassRunner.runChild(BlockJUnit4ClassRunner.java:57)
	at org.junit.runners.ParentRunner$3.run(ParentRunner.java:290)
	at org.junit.runners.ParentRunner$1.schedule(ParentRunner.java:71)
	at org.junit.runners.ParentRunner.runChildren(ParentRunner.java:288)
	at org.junit.runners.ParentRunner.access$000(ParentRunner.java:58)
	at org.junit.runners.ParentRunner$2.evaluate(ParentRunner.java:268)
	at org.junit.runners.ParentRunner.run(ParentRunner.java:363)
	at org.gradle.api.internal.tasks.testing.junit.JUnitTestClassExecutor.runTestClass(JUnitTestClassExecutor.java:110)
	at org.gradle.api.internal.tasks.testing.junit.JUnitTestClassExecutor.execute(JUnitTestClassExecutor.java:58)
	at org.gradle.api.internal.tasks.testing.junit.JUnitTestClassExecutor.execute(JUnitTestClassExecutor.java:38)
	at org.gradle.api.internal.tasks.testing.junit.AbstractJUnitTestClassProcessor.processTestClass(AbstractJUnitTestClassProcessor.java:62)
	at org.gradle.api.internal.tasks.testing.SuiteTestClassProcessor.processTestClass(SuiteTestClassProcessor.java:51)
	at sun.reflect.NativeMethodAccessorImpl.invoke0(Native Method)
	at sun.reflect.NativeMethodAccessorImpl.invoke(NativeMethodAccessorImpl.java:62)
	at sun.reflect.DelegatingMethodAccessorImpl.invoke(DelegatingMethodAccessorImpl.java:43)
	at java.lang.reflect.Method.invoke(Method.java:498)
	at org.gradle.internal.dispatch.ReflectionDispatch.dispatch(ReflectionDispatch.java:36)
	at org.gradle.internal.dispatch.ReflectionDispatch.dispatch(ReflectionDispatch.java:24)
	at org.gradle.internal.dispatch.ContextClassLoaderDispatch.dispatch(ContextClassLoaderDispatch.java:33)
	at org.gradle.internal.dispatch.ProxyDispatchAdapter$DispatchingInvocationHandler.invoke(ProxyDispatchAdapter.java:94)
	at com.sun.proxy.$Proxy2.processTestClass(Unknown Source)
	at org.gradle.api.internal.tasks.testing.worker.TestWorker.processTestClass(TestWorker.java:119)
	at sun.reflect.NativeMethodAccessorImpl.invoke0(Native Method)
	at sun.reflect.NativeMethodAccessorImpl.invoke(NativeMethodAccessorImpl.java:62)
	at sun.reflect.DelegatingMethodAccessorImpl.invoke(DelegatingMethodAccessorImpl.java:43)
	at java.lang.reflect.Method.invoke(Method.java:498)
	at org.gradle.internal.dispatch.ReflectionDispatch.dispatch(ReflectionDispatch.java:36)
	at org.gradle.internal.dispatch.ReflectionDispatch.dispatch(ReflectionDispatch.java:24)
	at org.gradle.internal.remote.internal.hub.MessageHubBackedObjectConnection$DispatchWrapper.dispatch(MessageHubBackedObjectConnection.java:182)
	at org.gradle.internal.remote.internal.hub.MessageHubBackedObjectConnection$DispatchWrapper.dispatch(MessageHubBackedObjectConnection.java:164)
	at org.gradle.internal.remote.internal.hub.MessageHub$Handler.run(MessageHub.java:414)
	at org.gradle.internal.concurrent.ExecutorPolicy$CatchAndRecordFailures.onExecute(ExecutorPolicy.java:64)
	at org.gradle.internal.concurrent.ManagedExecutorImpl$1.run(ManagedExecutorImpl.java:48)
	at java.util.concurrent.ThreadPoolExecutor.runWorker(ThreadPoolExecutor.java:1149)
	at java.util.concurrent.ThreadPoolExecutor$Worker.run(ThreadPoolExecutor.java:624)
	at org.gradle.internal.concurrent.ThreadFactoryImpl$ManagedThreadRunnable.run(ThreadFactoryImpl.java:56)
	at java.lang.Thread.run(Thread.java:748)
</pre>
</span>
</div>
<div class="test">
<a name="test04"></a>
<h3 class="failures">test04</h3>
<span class="code">
<pre>java.lang.AssertionError: Wrong result for 'findFrequentPassengers()'. Driver: D-2.
Taxi park:
Drivers: [D-0, D-1, D-2]
Passengers: [P-0, P-1, P-2, P-3, P-4, P-5, P-6, P-7]
Trips: [(D-2, [P-2], 25, 7.0, 0.4), (D-2, [P-3], 34, 38.0, 0.1), (D-1, [P-7, P-3, P-6], 27, 26.0), (D-2, [P-3, P-5], 25, 8.0), (D-2, [P-2, P-4, P-3], 1, 20.0, 0.4), (D-0, [P-0], 3, 5.0), (D-2, [P-5, P-4], 5, 5.0, 0.3), (D-2, [P-4, P-2, P-1], 0, 20.0), (D-1, [P-1, P-2, P-6], 10, 6.0), (D-1, [P-5], 3, 1.0)]
 expected:&lt;[Passenger(name=P-2), Passenger(name=P-3), Passenger(name=P-4), Passenger(name=P-5)]&gt; but was:&lt;[]&gt;
	at org.junit.Assert.fail(Assert.java:88)
	at org.junit.Assert.failNotEquals(Assert.java:834)
	at org.junit.Assert.assertEquals(Assert.java:118)
	at taxipark.TestTask3FrequentPassengers.testFrequentPassengers(TestTask3FrequentPassengers.kt:13)
	at taxipark.TestTask3FrequentPassengers.test04(TestTask3FrequentPassengers.kt:63)
	at sun.reflect.NativeMethodAccessorImpl.invoke0(Native Method)
	at sun.reflect.NativeMethodAccessorImpl.invoke(NativeMethodAccessorImpl.java:62)
	at sun.reflect.DelegatingMethodAccessorImpl.invoke(DelegatingMethodAccessorImpl.java:43)
	at java.lang.reflect.Method.invoke(Method.java:498)
	at org.junit.runners.model.FrameworkMethod$1.runReflectiveCall(FrameworkMethod.java:50)
	at org.junit.internal.runners.model.ReflectiveCallable.run(ReflectiveCallable.java:12)
	at org.junit.runners.model.FrameworkMethod.invokeExplosively(FrameworkMethod.java:47)
	at org.junit.internal.runners.statements.InvokeMethod.evaluate(InvokeMethod.java:17)
	at org.junit.runners.ParentRunner.runLeaf(ParentRunner.java:325)
	at org.junit.runners.BlockJUnit4ClassRunner.runChild(BlockJUnit4ClassRunner.java:78)
	at org.junit.runners.BlockJUnit4ClassRunner.runChild(BlockJUnit4ClassRunner.java:57)
	at org.junit.runners.ParentRunner$3.run(ParentRunner.java:290)
	at org.junit.runners.ParentRunner$1.schedule(ParentRunner.java:71)
	at org.junit.runners.ParentRunner.runChildren(ParentRunner.java:288)
	at org.junit.runners.ParentRunner.access$000(ParentRunner.java:58)
	at org.junit.runners.ParentRunner$2.evaluate(ParentRunner.java:268)
	at org.junit.runners.ParentRunner.run(ParentRunner.java:363)
	at org.gradle.api.internal.tasks.testing.junit.JUnitTestClassExecutor.runTestClass(JUnitTestClassExecutor.java:110)
	at org.gradle.api.internal.tasks.testing.junit.JUnitTestClassExecutor.execute(JUnitTestClassExecutor.java:58)
	at org.gradle.api.internal.tasks.testing.junit.JUnitTestClassExecutor.execute(JUnitTestClassExecutor.java:38)
	at org.gradle.api.internal.tasks.testing.junit.AbstractJUnitTestClassProcessor.processTestClass(AbstractJUnitTestClassProcessor.java:62)
	at org.gradle.api.internal.tasks.testing.SuiteTestClassProcessor.processTestClass(SuiteTestClassProcessor.java:51)
	at sun.reflect.NativeMethodAccessorImpl.invoke0(Native Method)
	at sun.reflect.NativeMethodAccessorImpl.invoke(NativeMethodAccessorImpl.java:62)
	at sun.reflect.DelegatingMethodAccessorImpl.invoke(DelegatingMethodAccessorImpl.java:43)
	at java.lang.reflect.Method.invoke(Method.java:498)
	at org.gradle.internal.dispatch.ReflectionDispatch.dispatch(ReflectionDispatch.java:36)
	at org.gradle.internal.dispatch.ReflectionDispatch.dispatch(ReflectionDispatch.java:24)
	at org.gradle.internal.dispatch.ContextClassLoaderDispatch.dispatch(ContextClassLoaderDispatch.java:33)
	at org.gradle.internal.dispatch.ProxyDispatchAdapter$DispatchingInvocationHandler.invoke(ProxyDispatchAdapter.java:94)
	at com.sun.proxy.$Proxy2.processTestClass(Unknown Source)
	at org.gradle.api.internal.tasks.testing.worker.TestWorker.processTestClass(TestWorker.java:119)
	at sun.reflect.NativeMethodAccessorImpl.invoke0(Native Method)
	at sun.reflect.NativeMethodAccessorImpl.invoke(NativeMethodAccessorImpl.java:62)
	at sun.reflect.DelegatingMethodAccessorImpl.invoke(DelegatingMethodAccessorImpl.java:43)
	at java.lang.reflect.Method.invoke(Method.java:498)
	at org.gradle.internal.dispatch.ReflectionDispatch.dispatch(ReflectionDispatch.java:36)
	at org.gradle.internal.dispatch.ReflectionDispatch.dispatch(ReflectionDispatch.java:24)
	at org.gradle.internal.remote.internal.hub.MessageHubBackedObjectConnection$DispatchWrapper.dispatch(MessageHubBackedObjectConnection.java:182)
	at org.gradle.internal.remote.internal.hub.MessageHubBackedObjectConnection$DispatchWrapper.dispatch(MessageHubBackedObjectConnection.java:164)
	at org.gradle.internal.remote.internal.hub.MessageHub$Handler.run(MessageHub.java:414)
	at org.gradle.internal.concurrent.ExecutorPolicy$CatchAndRecordFailures.onExecute(ExecutorPolicy.java:64)
	at org.gradle.internal.concurrent.ManagedExecutorImpl$1.run(ManagedExecutorImpl.java:48)
	at java.util.concurrent.ThreadPoolExecutor.runWorker(ThreadPoolExecutor.java:1149)
	at java.util.concurrent.ThreadPoolExecutor$Worker.run(ThreadPoolExecutor.java:624)
	at org.gradle.internal.concurrent.ThreadFactoryImpl$ManagedThreadRunnable.run(ThreadFactoryImpl.java:56)
	at java.lang.Thread.run(Thread.java:748)
</pre>
</span>
</div>
<div class="test">
<a name="test06"></a>
<h3 class="failures">test06</h3>
<span class="code">
<pre>java.lang.AssertionError: Wrong result for 'findFrequentPassengers()'. Driver: D-3.
Taxi park:
Drivers: [D-0, D-1, D-2, D-3, D-4, D-5]
Passengers: [P-0, P-1, P-2, P-3, P-4, P-5, P-6, P-7, P-8, P-9, P-10, P-11, P-12, P-13, P-14, P-15]
Trips: [(D-4, [P-0, P-5], 28, 38.0), (D-5, [P-1, P-9], 2, 39.0, 0.4), (D-1, [P-8, P-7, P-0], 1, 34.0, 0.4), (D-0, [P-11], 2, 11.0, 0.4), (D-3, [P-1, P-7], 15, 27.0, 0.4), (D-4, [P-0, P-8, P-3], 6, 18.0, 0.2), (D-5, [P-14, P-3, P-1], 24, 2.0, 0.3), (D-2, [P-8], 15, 4.0, 0.1), (D-3, [P-12, P-15, P-8], 23, 5.0, 0.2), (D-5, [P-15, P-10], 12, 15.0), (D-2, [P-3], 11, 23.0, 0.1), (D-3, [P-13, P-15], 39, 39.0), (D-0, [P-12], 21, 36.0), (D-3, [P-3, P-6], 2, 12.0), (D-4, [P-3, P-13], 36, 15.0), (D-3, [P-13, P-4], 34, 11.0), (D-3, [P-3, P-15], 33, 17.0, 0.2), (D-4, [P-15], 10, 10.0, 0.1), (D-1, [P-8, P-5], 14, 33.0), (D-0, [P-15, P-10], 28, 19.0)]
 expected:&lt;[Passenger(name=P-3), Passenger(name=P-13), Passenger(name=P-15)]&gt; but was:&lt;[]&gt;
	at org.junit.Assert.fail(Assert.java:88)
	at org.junit.Assert.failNotEquals(Assert.java:834)
	at org.junit.Assert.assertEquals(Assert.java:118)
	at taxipark.TestTask3FrequentPassengers.testFrequentPassengers(TestTask3FrequentPassengers.kt:13)
	at taxipark.TestTask3FrequentPassengers.test06(TestTask3FrequentPassengers.kt:99)
	at sun.reflect.NativeMethodAccessorImpl.invoke0(Native Method)
	at sun.reflect.NativeMethodAccessorImpl.invoke(NativeMethodAccessorImpl.java:62)
	at sun.reflect.DelegatingMethodAccessorImpl.invoke(DelegatingMethodAccessorImpl.java:43)
	at java.lang.reflect.Method.invoke(Method.java:498)
	at org.junit.runners.model.FrameworkMethod$1.runReflectiveCall(FrameworkMethod.java:50)
	at org.junit.internal.runners.model.ReflectiveCallable.run(ReflectiveCallable.java:12)
	at org.junit.runners.model.FrameworkMethod.invokeExplosively(FrameworkMethod.java:47)
	at org.junit.internal.runners.statements.InvokeMethod.evaluate(InvokeMethod.java:17)
	at org.junit.runners.ParentRunner.runLeaf(ParentRunner.java:325)
	at org.junit.runners.BlockJUnit4ClassRunner.runChild(BlockJUnit4ClassRunner.java:78)
	at org.junit.runners.BlockJUnit4ClassRunner.runChild(BlockJUnit4ClassRunner.java:57)
	at org.junit.runners.ParentRunner$3.run(ParentRunner.java:290)
	at org.junit.runners.ParentRunner$1.schedule(ParentRunner.java:71)
	at org.junit.runners.ParentRunner.runChildren(ParentRunner.java:288)
	at org.junit.runners.ParentRunner.access$000(ParentRunner.java:58)
	at org.junit.runners.ParentRunner$2.evaluate(ParentRunner.java:268)
	at org.junit.runners.ParentRunner.run(ParentRunner.java:363)
	at org.gradle.api.internal.tasks.testing.junit.JUnitTestClassExecutor.runTestClass(JUnitTestClassExecutor.java:110)
	at org.gradle.api.internal.tasks.testing.junit.JUnitTestClassExecutor.execute(JUnitTestClassExecutor.java:58)
	at org.gradle.api.internal.tasks.testing.junit.JUnitTestClassExecutor.execute(JUnitTestClassExecutor.java:38)
	at org.gradle.api.internal.tasks.testing.junit.AbstractJUnitTestClassProcessor.processTestClass(AbstractJUnitTestClassProcessor.java:62)
	at org.gradle.api.internal.tasks.testing.SuiteTestClassProcessor.processTestClass(SuiteTestClassProcessor.java:51)
	at sun.reflect.NativeMethodAccessorImpl.invoke0(Native Method)
	at sun.reflect.NativeMethodAccessorImpl.invoke(NativeMethodAccessorImpl.java:62)
	at sun.reflect.DelegatingMethodAccessorImpl.invoke(DelegatingMethodAccessorImpl.java:43)
	at java.lang.reflect.Method.invoke(Method.java:498)
	at org.gradle.internal.dispatch.ReflectionDispatch.dispatch(ReflectionDispatch.java:36)
	at org.gradle.internal.dispatch.ReflectionDispatch.dispatch(ReflectionDispatch.java:24)
	at org.gradle.internal.dispatch.ContextClassLoaderDispatch.dispatch(ContextClassLoaderDispatch.java:33)
	at org.gradle.internal.dispatch.ProxyDispatchAdapter$DispatchingInvocationHandler.invoke(ProxyDispatchAdapter.java:94)
	at com.sun.proxy.$Proxy2.processTestClass(Unknown Source)
	at org.gradle.api.internal.tasks.testing.worker.TestWorker.processTestClass(TestWorker.java:119)
	at sun.reflect.NativeMethodAccessorImpl.invoke0(Native Method)
	at sun.reflect.NativeMethodAccessorImpl.invoke(NativeMethodAccessorImpl.java:62)
	at sun.reflect.DelegatingMethodAccessorImpl.invoke(DelegatingMethodAccessorImpl.java:43)
	at java.lang.reflect.Method.invoke(Method.java:498)
	at org.gradle.internal.dispatch.ReflectionDispatch.dispatch(ReflectionDispatch.java:36)
	at org.gradle.internal.dispatch.ReflectionDispatch.dispatch(ReflectionDispatch.java:24)
	at org.gradle.internal.remote.internal.hub.MessageHubBackedObjectConnection$DispatchWrapper.dispatch(MessageHubBackedObjectConnection.java:182)
	at org.gradle.internal.remote.internal.hub.MessageHubBackedObjectConnection$DispatchWrapper.dispatch(MessageHubBackedObjectConnection.java:164)
	at org.gradle.internal.remote.internal.hub.MessageHub$Handler.run(MessageHub.java:414)
	at org.gradle.internal.concurrent.ExecutorPolicy$CatchAndRecordFailures.onExecute(ExecutorPolicy.java:64)
	at org.gradle.internal.concurrent.ManagedExecutorImpl$1.run(ManagedExecutorImpl.java:48)
	at java.util.concurrent.ThreadPoolExecutor.runWorker(ThreadPoolExecutor.java:1149)
	at java.util.concurrent.ThreadPoolExecutor$Worker.run(ThreadPoolExecutor.java:624)
	at org.gradle.internal.concurrent.ThreadFactoryImpl$ManagedThreadRunnable.run(ThreadFactoryImpl.java:56)
	at java.lang.Thread.run(Thread.java:748)
</pre>
</span>
</div>
<div class="test">
<a name="test07"></a>
<h3 class="failures">test07</h3>
<span class="code">
<pre>java.lang.AssertionError: Wrong result for 'findFrequentPassengers()'. Driver: D-5.
Taxi park:
Drivers: [D-0, D-1, D-2, D-3, D-4, D-5]
Passengers: [P-0, P-1, P-2, P-3, P-4, P-5, P-6, P-7, P-8, P-9, P-10, P-11, P-12, P-13, P-14, P-15]
Trips: [(D-4, [P-0, P-5], 28, 38.0), (D-5, [P-1, P-9], 2, 39.0, 0.4), (D-1, [P-8, P-7, P-0], 1, 34.0, 0.4), (D-0, [P-11], 2, 11.0, 0.4), (D-3, [P-1, P-7], 15, 27.0, 0.4), (D-4, [P-0, P-8, P-3], 6, 18.0, 0.2), (D-5, [P-14, P-3, P-1], 24, 2.0, 0.3), (D-2, [P-8], 15, 4.0, 0.1), (D-3, [P-12, P-15, P-8], 23, 5.0, 0.2), (D-5, [P-15, P-10], 12, 15.0), (D-2, [P-3], 11, 23.0, 0.1), (D-3, [P-13, P-15], 39, 39.0), (D-0, [P-12], 21, 36.0), (D-3, [P-3, P-6], 2, 12.0), (D-4, [P-3, P-13], 36, 15.0), (D-3, [P-13, P-4], 34, 11.0), (D-3, [P-3, P-15], 33, 17.0, 0.2), (D-4, [P-15], 10, 10.0, 0.1), (D-1, [P-8, P-5], 14, 33.0), (D-0, [P-15, P-10], 28, 19.0)]
 expected:&lt;[Passenger(name=P-1)]&gt; but was:&lt;[]&gt;
	at org.junit.Assert.fail(Assert.java:88)
	at org.junit.Assert.failNotEquals(Assert.java:834)
	at org.junit.Assert.assertEquals(Assert.java:118)
	at taxipark.TestTask3FrequentPassengers.testFrequentPassengers(TestTask3FrequentPassengers.kt:13)
	at taxipark.TestTask3FrequentPassengers.test07(TestTask3FrequentPassengers.kt:122)
	at sun.reflect.NativeMethodAccessorImpl.invoke0(Native Method)
	at sun.reflect.NativeMethodAccessorImpl.invoke(NativeMethodAccessorImpl.java:62)
	at sun.reflect.DelegatingMethodAccessorImpl.invoke(DelegatingMethodAccessorImpl.java:43)
	at java.lang.reflect.Method.invoke(Method.java:498)
	at org.junit.runners.model.FrameworkMethod$1.runReflectiveCall(FrameworkMethod.java:50)
	at org.junit.internal.runners.model.ReflectiveCallable.run(ReflectiveCallable.java:12)
	at org.junit.runners.model.FrameworkMethod.invokeExplosively(FrameworkMethod.java:47)
	at org.junit.internal.runners.statements.InvokeMethod.evaluate(InvokeMethod.java:17)
	at org.junit.runners.ParentRunner.runLeaf(ParentRunner.java:325)
	at org.junit.runners.BlockJUnit4ClassRunner.runChild(BlockJUnit4ClassRunner.java:78)
	at org.junit.runners.BlockJUnit4ClassRunner.runChild(BlockJUnit4ClassRunner.java:57)
	at org.junit.runners.ParentRunner$3.run(ParentRunner.java:290)
	at org.junit.runners.ParentRunner$1.schedule(ParentRunner.java:71)
	at org.junit.runners.ParentRunner.runChildren(ParentRunner.java:288)
	at org.junit.runners.ParentRunner.access$000(ParentRunner.java:58)
	at org.junit.runners.ParentRunner$2.evaluate(ParentRunner.java:268)
	at org.junit.runners.ParentRunner.run(ParentRunner.java:363)
	at org.gradle.api.internal.tasks.testing.junit.JUnitTestClassExecutor.runTestClass(JUnitTestClassExecutor.java:110)
	at org.gradle.api.internal.tasks.testing.junit.JUnitTestClassExecutor.execute(JUnitTestClassExecutor.java:58)
	at org.gradle.api.internal.tasks.testing.junit.JUnitTestClassExecutor.execute(JUnitTestClassExecutor.java:38)
	at org.gradle.api.internal.tasks.testing.junit.AbstractJUnitTestClassProcessor.processTestClass(AbstractJUnitTestClassProcessor.java:62)
	at org.gradle.api.internal.tasks.testing.SuiteTestClassProcessor.processTestClass(SuiteTestClassProcessor.java:51)
	at sun.reflect.NativeMethodAccessorImpl.invoke0(Native Method)
	at sun.reflect.NativeMethodAccessorImpl.invoke(NativeMethodAccessorImpl.java:62)
	at sun.reflect.DelegatingMethodAccessorImpl.invoke(DelegatingMethodAccessorImpl.java:43)
	at java.lang.reflect.Method.invoke(Method.java:498)
	at org.gradle.internal.dispatch.ReflectionDispatch.dispatch(ReflectionDispatch.java:36)
	at org.gradle.internal.dispatch.ReflectionDispatch.dispatch(ReflectionDispatch.java:24)
	at org.gradle.internal.dispatch.ContextClassLoaderDispatch.dispatch(ContextClassLoaderDispatch.java:33)
	at org.gradle.internal.dispatch.ProxyDispatchAdapter$DispatchingInvocationHandler.invoke(ProxyDispatchAdapter.java:94)
	at com.sun.proxy.$Proxy2.processTestClass(Unknown Source)
	at org.gradle.api.internal.tasks.testing.worker.TestWorker.processTestClass(TestWorker.java:119)
	at sun.reflect.NativeMethodAccessorImpl.invoke0(Native Method)
	at sun.reflect.NativeMethodAccessorImpl.invoke(NativeMethodAccessorImpl.java:62)
	at sun.reflect.DelegatingMethodAccessorImpl.invoke(DelegatingMethodAccessorImpl.java:43)
	at java.lang.reflect.Method.invoke(Method.java:498)
	at org.gradle.internal.dispatch.ReflectionDispatch.dispatch(ReflectionDispatch.java:36)
	at org.gradle.internal.dispatch.ReflectionDispatch.dispatch(ReflectionDispatch.java:24)
	at org.gradle.internal.remote.internal.hub.MessageHubBackedObjectConnection$DispatchWrapper.dispatch(MessageHubBackedObjectConnection.java:182)
	at org.gradle.internal.remote.internal.hub.MessageHubBackedObjectConnection$DispatchWrapper.dispatch(MessageHubBackedObjectConnection.java:164)
	at org.gradle.internal.remote.internal.hub.MessageHub$Handler.run(MessageHub.java:414)
	at org.gradle.internal.concurrent.ExecutorPolicy$CatchAndRecordFailures.onExecute(ExecutorPolicy.java:64)
	at org.gradle.internal.concurrent.ManagedExecutorImpl$1.run(ManagedExecutorImpl.java:48)
	at java.util.concurrent.ThreadPoolExecutor.runWorker(ThreadPoolExecutor.java:1149)
	at java.util.concurrent.ThreadPoolExecutor$Worker.run(ThreadPoolExecutor.java:624)
	at org.gradle.internal.concurrent.ThreadFactoryImpl$ManagedThreadRunnable.run(ThreadFactoryImpl.java:56)
	at java.lang.Thread.run(Thread.java:748)
</pre>
</span>
</div>
<div class="test">
<a name="test09"></a>
<h3 class="failures">test09</h3>
<span class="code">
<pre>java.lang.AssertionError: Wrong result for 'findFrequentPassengers()'. Driver: D-1.
Taxi park:
Drivers: [D-0, D-1]
Passengers: [P-0, P-1, P-2, P-3, P-4, P-5]
Trips: [(D-1, [P-4], 33, 14.0, 0.2), (D-1, [P-0], 0, 22.0), (D-0, [P-5, P-0], 21, 11.0), (D-0, [P-0, P-4], 13, 8.0, 0.3), (D-1, [P-1], 9, 7.0), (D-1, [P-4, P-3], 10, 29.0, 0.2), (D-1, [P-5, P-3], 25, 0.0), (D-0, [P-0], 37, 13.0, 0.3), (D-1, [P-5, P-2], 24, 21.0), (D-1, [P-4], 21, 33.0, 0.2), (D-1, [P-0, P-1, P-4], 32, 21.0), (D-1, [P-5, P-4], 0, 30.0), (D-1, [P-5, P-1], 0, 14.0, 0.3), (D-1, [P-0, P-4], 25, 19.0), (D-1, [P-2, P-5], 36, 26.0, 0.4), (D-1, [P-0, P-2], 16, 38.0), (D-1, [P-2, P-4, P-1], 4, 26.0), (D-0, [P-1, P-5], 28, 10.0), (D-1, [P-4, P-3, P-0], 16, 26.0, 0.1), (D-0, [P-5], 9, 37.0)]
 expected:&lt;[Passenger(name=P-0), Passenger(name=P-1), Passenger(name=P-2), Passenger(name=P-3), Passenger(name=P-4), Passenger(name=P-5)]&gt; but was:&lt;[]&gt;
	at org.junit.Assert.fail(Assert.java:88)
	at org.junit.Assert.failNotEquals(Assert.java:834)
	at org.junit.Assert.assertEquals(Assert.java:118)
	at taxipark.TestTask3FrequentPassengers.testFrequentPassengers(TestTask3FrequentPassengers.kt:13)
	at taxipark.TestTask3FrequentPassengers.test09(TestTask3FrequentPassengers.kt:148)
	at sun.reflect.NativeMethodAccessorImpl.invoke0(Native Method)
	at sun.reflect.NativeMethodAccessorImpl.invoke(NativeMethodAccessorImpl.java:62)
	at sun.reflect.DelegatingMethodAccessorImpl.invoke(DelegatingMethodAccessorImpl.java:43)
	at java.lang.reflect.Method.invoke(Method.java:498)
	at org.junit.runners.model.FrameworkMethod$1.runReflectiveCall(FrameworkMethod.java:50)
	at org.junit.internal.runners.model.ReflectiveCallable.run(ReflectiveCallable.java:12)
	at org.junit.runners.model.FrameworkMethod.invokeExplosively(FrameworkMethod.java:47)
	at org.junit.internal.runners.statements.InvokeMethod.evaluate(InvokeMethod.java:17)
	at org.junit.runners.ParentRunner.runLeaf(ParentRunner.java:325)
	at org.junit.runners.BlockJUnit4ClassRunner.runChild(BlockJUnit4ClassRunner.java:78)
	at org.junit.runners.BlockJUnit4ClassRunner.runChild(BlockJUnit4ClassRunner.java:57)
	at org.junit.runners.ParentRunner$3.run(ParentRunner.java:290)
	at org.junit.runners.ParentRunner$1.schedule(ParentRunner.java:71)
	at org.junit.runners.ParentRunner.runChildren(ParentRunner.java:288)
	at org.junit.runners.ParentRunner.access$000(ParentRunner.java:58)
	at org.junit.runners.ParentRunner$2.evaluate(ParentRunner.java:268)
	at org.junit.runners.ParentRunner.run(ParentRunner.java:363)
	at org.gradle.api.internal.tasks.testing.junit.JUnitTestClassExecutor.runTestClass(JUnitTestClassExecutor.java:110)
	at org.gradle.api.internal.tasks.testing.junit.JUnitTestClassExecutor.execute(JUnitTestClassExecutor.java:58)
	at org.gradle.api.internal.tasks.testing.junit.JUnitTestClassExecutor.execute(JUnitTestClassExecutor.java:38)
	at org.gradle.api.internal.tasks.testing.junit.AbstractJUnitTestClassProcessor.processTestClass(AbstractJUnitTestClassProcessor.java:62)
	at org.gradle.api.internal.tasks.testing.SuiteTestClassProcessor.processTestClass(SuiteTestClassProcessor.java:51)
	at sun.reflect.NativeMethodAccessorImpl.invoke0(Native Method)
	at sun.reflect.NativeMethodAccessorImpl.invoke(NativeMethodAccessorImpl.java:62)
	at sun.reflect.DelegatingMethodAccessorImpl.invoke(DelegatingMethodAccessorImpl.java:43)
	at java.lang.reflect.Method.invoke(Method.java:498)
	at org.gradle.internal.dispatch.ReflectionDispatch.dispatch(ReflectionDispatch.java:36)
	at org.gradle.internal.dispatch.ReflectionDispatch.dispatch(ReflectionDispatch.java:24)
	at org.gradle.internal.dispatch.ContextClassLoaderDispatch.dispatch(ContextClassLoaderDispatch.java:33)
	at org.gradle.internal.dispatch.ProxyDispatchAdapter$DispatchingInvocationHandler.invoke(ProxyDispatchAdapter.java:94)
	at com.sun.proxy.$Proxy2.processTestClass(Unknown Source)
	at org.gradle.api.internal.tasks.testing.worker.TestWorker.processTestClass(TestWorker.java:119)
	at sun.reflect.NativeMethodAccessorImpl.invoke0(Native Method)
	at sun.reflect.NativeMethodAccessorImpl.invoke(NativeMethodAccessorImpl.java:62)
	at sun.reflect.DelegatingMethodAccessorImpl.invoke(DelegatingMethodAccessorImpl.java:43)
	at java.lang.reflect.Method.invoke(Method.java:498)
	at org.gradle.internal.dispatch.ReflectionDispatch.dispatch(ReflectionDispatch.java:36)
	at org.gradle.internal.dispatch.ReflectionDispatch.dispatch(ReflectionDispatch.java:24)
	at org.gradle.internal.remote.internal.hub.MessageHubBackedObjectConnection$DispatchWrapper.dispatch(MessageHubBackedObjectConnection.java:182)
	at org.gradle.internal.remote.internal.hub.MessageHubBackedObjectConnection$DispatchWrapper.dispatch(MessageHubBackedObjectConnection.java:164)
	at org.gradle.internal.remote.internal.hub.MessageHub$Handler.run(MessageHub.java:414)
	at org.gradle.internal.concurrent.ExecutorPolicy$CatchAndRecordFailures.onExecute(ExecutorPolicy.java:64)
	at org.gradle.internal.concurrent.ManagedExecutorImpl$1.run(ManagedExecutorImpl.java:48)
	at java.util.concurrent.ThreadPoolExecutor.runWorker(ThreadPoolExecutor.java:1149)
	at java.util.concurrent.ThreadPoolExecutor$Worker.run(ThreadPoolExecutor.java:624)
	at org.gradle.internal.concurrent.ThreadFactoryImpl$ManagedThreadRunnable.run(ThreadFactoryImpl.java:56)
	at java.lang.Thread.run(Thread.java:748)
</pre>
</span>
</div>
<div class="test">
<a name="test10"></a>
<h3 class="failures">test10</h3>
<span class="code">
<pre>java.lang.AssertionError: Wrong result for 'findFrequentPassengers()'. Driver: D-1.
Taxi park:
Drivers: [D-0, D-1]
Passengers: [P-0, P-1, P-2, P-3, P-4, P-5]
Trips: [(D-0, [P-4], 9, 14.0), (D-0, [P-3, P-5, P-0], 21, 15.0), (D-0, [P-5, P-3], 9, 33.0), (D-1, [P-2], 29, 6.0, 0.2), (D-0, [P-4], 4, 39.0, 0.4), (D-1, [P-5], 8, 31.0, 0.1), (D-1, [P-0, P-5, P-1], 6, 1.0, 0.3), (D-0, [P-5, P-4], 32, 36.0), (D-1, [P-4], 27, 4.0, 0.3), (D-1, [P-0, P-2], 2, 9.0), (D-0, [P-1, P-3], 2, 2.0, 0.3), (D-0, [P-2, P-3], 3, 6.0, 0.1), (D-1, [P-4, P-3], 37, 29.0, 0.3), (D-1, [P-4, P-2], 38, 32.0), (D-1, [P-0, P-4, P-5], 29, 5.0, 0.3), (D-0, [P-5, P-4], 8, 14.0), (D-0, [P-2], 36, 37.0, 0.1), (D-0, [P-0], 26, 11.0, 0.4), (D-1, [P-1, P-0], 23, 6.0, 0.3), (D-1, [P-4, P-0], 30, 20.0, 0.4)]
 expected:&lt;[Passenger(name=P-0), Passenger(name=P-1), Passenger(name=P-2), Passenger(name=P-4), Passenger(name=P-5)]&gt; but was:&lt;[]&gt;
	at org.junit.Assert.fail(Assert.java:88)
	at org.junit.Assert.failNotEquals(Assert.java:834)
	at org.junit.Assert.assertEquals(Assert.java:118)
	at taxipark.TestTask3FrequentPassengers.testFrequentPassengers(TestTask3FrequentPassengers.kt:13)
	at taxipark.TestTask3FrequentPassengers.test10(TestTask3FrequentPassengers.kt:171)
	at sun.reflect.NativeMethodAccessorImpl.invoke0(Native Method)
	at sun.reflect.NativeMethodAccessorImpl.invoke(NativeMethodAccessorImpl.java:62)
	at sun.reflect.DelegatingMethodAccessorImpl.invoke(DelegatingMethodAccessorImpl.java:43)
	at java.lang.reflect.Method.invoke(Method.java:498)
	at org.junit.runners.model.FrameworkMethod$1.runReflectiveCall(FrameworkMethod.java:50)
	at org.junit.internal.runners.model.ReflectiveCallable.run(ReflectiveCallable.java:12)
	at org.junit.runners.model.FrameworkMethod.invokeExplosively(FrameworkMethod.java:47)
	at org.junit.internal.runners.statements.InvokeMethod.evaluate(InvokeMethod.java:17)
	at org.junit.runners.ParentRunner.runLeaf(ParentRunner.java:325)
	at org.junit.runners.BlockJUnit4ClassRunner.runChild(BlockJUnit4ClassRunner.java:78)
	at org.junit.runners.BlockJUnit4ClassRunner.runChild(BlockJUnit4ClassRunner.java:57)
	at org.junit.runners.ParentRunner$3.run(ParentRunner.java:290)
	at org.junit.runners.ParentRunner$1.schedule(ParentRunner.java:71)
	at org.junit.runners.ParentRunner.runChildren(ParentRunner.java:288)
	at org.junit.runners.ParentRunner.access$000(ParentRunner.java:58)
	at org.junit.runners.ParentRunner$2.evaluate(ParentRunner.java:268)
	at org.junit.runners.ParentRunner.run(ParentRunner.java:363)
	at org.gradle.api.internal.tasks.testing.junit.JUnitTestClassExecutor.runTestClass(JUnitTestClassExecutor.java:110)
	at org.gradle.api.internal.tasks.testing.junit.JUnitTestClassExecutor.execute(JUnitTestClassExecutor.java:58)
	at org.gradle.api.internal.tasks.testing.junit.JUnitTestClassExecutor.execute(JUnitTestClassExecutor.java:38)
	at org.gradle.api.internal.tasks.testing.junit.AbstractJUnitTestClassProcessor.processTestClass(AbstractJUnitTestClassProcessor.java:62)
	at org.gradle.api.internal.tasks.testing.SuiteTestClassProcessor.processTestClass(SuiteTestClassProcessor.java:51)
	at sun.reflect.NativeMethodAccessorImpl.invoke0(Native Method)
	at sun.reflect.NativeMethodAccessorImpl.invoke(NativeMethodAccessorImpl.java:62)
	at sun.reflect.DelegatingMethodAccessorImpl.invoke(DelegatingMethodAccessorImpl.java:43)
	at java.lang.reflect.Method.invoke(Method.java:498)
	at org.gradle.internal.dispatch.ReflectionDispatch.dispatch(ReflectionDispatch.java:36)
	at org.gradle.internal.dispatch.ReflectionDispatch.dispatch(ReflectionDispatch.java:24)
	at org.gradle.internal.dispatch.ContextClassLoaderDispatch.dispatch(ContextClassLoaderDispatch.java:33)
	at org.gradle.internal.dispatch.ProxyDispatchAdapter$DispatchingInvocationHandler.invoke(ProxyDispatchAdapter.java:94)
	at com.sun.proxy.$Proxy2.processTestClass(Unknown Source)
	at org.gradle.api.internal.tasks.testing.worker.TestWorker.processTestClass(TestWorker.java:119)
	at sun.reflect.NativeMethodAccessorImpl.invoke0(Native Method)
	at sun.reflect.NativeMethodAccessorImpl.invoke(NativeMethodAccessorImpl.java:62)
	at sun.reflect.DelegatingMethodAccessorImpl.invoke(DelegatingMethodAccessorImpl.java:43)
	at java.lang.reflect.Method.invoke(Method.java:498)
	at org.gradle.internal.dispatch.ReflectionDispatch.dispatch(ReflectionDispatch.java:36)
	at org.gradle.internal.dispatch.ReflectionDispatch.dispatch(ReflectionDispatch.java:24)
	at org.gradle.internal.remote.internal.hub.MessageHubBackedObjectConnection$DispatchWrapper.dispatch(MessageHubBackedObjectConnection.java:182)
	at org.gradle.internal.remote.internal.hub.MessageHubBackedObjectConnection$DispatchWrapper.dispatch(MessageHubBackedObjectConnection.java:164)
	at org.gradle.internal.remote.internal.hub.MessageHub$Handler.run(MessageHub.java:414)
	at org.gradle.internal.concurrent.ExecutorPolicy$CatchAndRecordFailures.onExecute(ExecutorPolicy.java:64)
	at org.gradle.internal.concurrent.ManagedExecutorImpl$1.run(ManagedExecutorImpl.java:48)
	at java.util.concurrent.ThreadPoolExecutor.runWorker(ThreadPoolExecutor.java:1149)
	at java.util.concurrent.ThreadPoolExecutor$Worker.run(ThreadPoolExecutor.java:624)
	at org.gradle.internal.concurrent.ThreadFactoryImpl$ManagedThreadRunnable.run(ThreadFactoryImpl.java:56)
	at java.lang.Thread.run(Thread.java:748)
</pre>
</span>
</div>
</div>
<div id="tab1" class="tab">
<h2>Tests</h2>
<table>
<thead>
<tr>
<th>Test</th>
<th>Duration</th>
<th>Result</th>
</tr>
</thead>
<tr>
<td class="failures">test0</td>
<td class="failures">0.064s</td>
<td class="failures">failed</td>
</tr>
<tr>
<td class="failures">test01</td>
<td class="failures">0.002s</td>
<td class="failures">failed</td>
</tr>
<tr>
<td class="failures">test02</td>
<td class="failures">0.001s</td>
<td class="failures">failed</td>
</tr>
<tr>
<td class="failures">test03</td>
<td class="failures">0.001s</td>
<td class="failures">failed</td>
</tr>
<tr>
<td class="failures">test04</td>
<td class="failures">0s</td>
<td class="failures">failed</td>
</tr>
<tr>
<td class="success">test05</td>
<td class="success">0.002s</td>
<td class="success">passed</td>
</tr>
<tr>
<td class="failures">test06</td>
<td class="failures">0.001s</td>
<td class="failures">failed</td>
</tr>
<tr>
<td class="failures">test07</td>
<td class="failures">0.002s</td>
<td class="failures">failed</td>
</tr>
<tr>
<td class="success">test08</td>
<td class="success">0.001s</td>
<td class="success">passed</td>
</tr>
<tr>
<td class="failures">test09</td>
<td class="failures">0.001s</td>
<td class="failures">failed</td>
</tr>
<tr>
<td class="failures">test10</td>
<td class="failures">0.001s</td>
<td class="failures">failed</td>
</tr>
</table>
</div>
<div id="tab2" class="tab">
<h2>Standard output</h2>
<span class="code">
<pre>[{Driver(name=D-1)=[Passenger(name=P-1)]}, {Driver(name=D-1)=[Passenger(name=P-1)]}, {Driver(name=D-1)=[Passenger(name=P-1), Passenger(name=P-3)]}, {Driver(name=D-1)=[Passenger(name=P-3)]}, {Driver(name=D-1)=[Passenger(name=P-2)]}, {Driver(name=D-2)=[Passenger(name=P-2)]}]
[{Driver(name=D-1)=[Passenger(name=P-3), Passenger(name=P-6), Passenger(name=P-4), Passenger(name=P-1)]}, {Driver(name=D-2)=[Passenger(name=P-7)]}, {Driver(name=D-1)=[Passenger(name=P-1)]}, {Driver(name=D-0)=[Passenger(name=P-0), Passenger(name=P-7)]}, {Driver(name=D-2)=[Passenger(name=P-6), Passenger(name=P-7), Passenger(name=P-5)]}, {Driver(name=D-2)=[Passenger(name=P-5), Passenger(name=P-0)]}, {Driver(name=D-0)=[Passenger(name=P-1)]}, {Driver(name=D-2)=[Passenger(name=P-7)]}, {Driver(name=D-2)=[Passenger(name=P-5)]}, {Driver(name=D-1)=[Passenger(name=P-7), Passenger(name=P-5), Passenger(name=P-0), Passenger(name=P-1)]}]
[{Driver(name=D-1)=[Passenger(name=P-3), Passenger(name=P-6), Passenger(name=P-4), Passenger(name=P-1)]}, {Driver(name=D-2)=[Passenger(name=P-7)]}, {Driver(name=D-1)=[Passenger(name=P-1)]}, {Driver(name=D-0)=[Passenger(name=P-0), Passenger(name=P-7)]}, {Driver(name=D-2)=[Passenger(name=P-6), Passenger(name=P-7), Passenger(name=P-5)]}, {Driver(name=D-2)=[Passenger(name=P-5), Passenger(name=P-0)]}, {Driver(name=D-0)=[Passenger(name=P-1)]}, {Driver(name=D-2)=[Passenger(name=P-7)]}, {Driver(name=D-2)=[Passenger(name=P-5)]}, {Driver(name=D-1)=[Passenger(name=P-7), Passenger(name=P-5), Passenger(name=P-0), Passenger(name=P-1)]}]
[{Driver(name=D-2)=[Passenger(name=P-6), Passenger(name=P-3), Passenger(name=P-4)]}, {Driver(name=D-0)=[Passenger(name=P-2), Passenger(name=P-1), Passenger(name=P-5)]}, {Driver(name=D-0)=[Passenger(name=P-1), Passenger(name=P-0)]}, {Driver(name=D-1)=[Passenger(name=P-7)]}, {Driver(name=D-2)=[Passenger(name=P-3)]}, {Driver(name=D-2)=[Passenger(name=P-6), Passenger(name=P-3)]}, {Driver(name=D-2)=[Passenger(name=P-3), Passenger(name=P-6)]}, {Driver(name=D-1)=[Passenger(name=P-3), Passenger(name=P-0), Passenger(name=P-2), Passenger(name=P-7)]}, {Driver(name=D-1)=[Passenger(name=P-0), Passenger(name=P-4), Passenger(name=P-3), Passenger(name=P-1)]}, {Driver(name=D-1)=[Passenger(name=P-2), Passenger(name=P-7)]}]
[{Driver(name=D-2)=[Passenger(name=P-2)]}, {Driver(name=D-2)=[Passenger(name=P-3)]}, {Driver(name=D-1)=[Passenger(name=P-7), Passenger(name=P-3), Passenger(name=P-6)]}, {Driver(name=D-2)=[Passenger(name=P-3), Passenger(name=P-5)]}, {Driver(name=D-2)=[Passenger(name=P-2), Passenger(name=P-4), Passenger(name=P-3)]}, {Driver(name=D-0)=[Passenger(name=P-0)]}, {Driver(name=D-2)=[Passenger(name=P-5), Passenger(name=P-4)]}, {Driver(name=D-2)=[Passenger(name=P-4), Passenger(name=P-2), Passenger(name=P-1)]}, {Driver(name=D-1)=[Passenger(name=P-1), Passenger(name=P-2), Passenger(name=P-6)]}, {Driver(name=D-1)=[Passenger(name=P-5)]}]
[{Driver(name=D-3)=[Passenger(name=P-2), Passenger(name=P-5), Passenger(name=P-15)]}, {Driver(name=D-1)=[Passenger(name=P-1), Passenger(name=P-8)]}, {Driver(name=D-5)=[Passenger(name=P-15)]}, {Driver(name=D-4)=[Passenger(name=P-12), Passenger(name=P-7)]}, {Driver(name=D-3)=[Passenger(name=P-11), Passenger(name=P-15)]}, {Driver(name=D-3)=[Passenger(name=P-1), Passenger(name=P-11), Passenger(name=P-13)]}, {Driver(name=D-4)=[Passenger(name=P-13), Passenger(name=P-5), Passenger(name=P-14), Passenger(name=P-2)]}, {Driver(name=D-0)=[Passenger(name=P-4), Passenger(name=P-13)]}, {Driver(name=D-3)=[Passenger(name=P-6)]}, {Driver(name=D-2)=[Passenger(name=P-12), Passenger(name=P-4), Passenger(name=P-8), Passenger(name=P-10)]}, {Driver(name=D-5)=[Passenger(name=P-11), Passenger(name=P-15), Passenger(name=P-14), Passenger(name=P-13)]}, {Driver(name=D-0)=[Passenger(name=P-8), Passenger(name=P-3), Passenger(name=P-14)]}, {Driver(name=D-0)=[Passenger(name=P-3)]}, {Driver(name=D-1)=[Passenger(name=P-7), Passenger(name=P-14)]}, {Driver(name=D-1)=[Passenger(name=P-6)]}, {Driver(name=D-1)=[Passenger(name=P-3)]}, {Driver(name=D-0)=[Passenger(name=P-9), Passenger(name=P-6)]}, {Driver(name=D-3)=[Passenger(name=P-0), Passenger(name=P-14), Passenger(name=P-8)]}, {Driver(name=D-2)=[Passenger(name=P-5)]}, {Driver(name=D-1)=[Passenger(name=P-15), Passenger(name=P-7)]}]
[{Driver(name=D-4)=[Passenger(name=P-0), Passenger(name=P-5)]}, {Driver(name=D-5)=[Passenger(name=P-1), Passenger(name=P-9)]}, {Driver(name=D-1)=[Passenger(name=P-8), Passenger(name=P-7), Passenger(name=P-0)]}, {Driver(name=D-0)=[Passenger(name=P-11)]}, {Driver(name=D-3)=[Passenger(name=P-1), Passenger(name=P-7)]}, {Driver(name=D-4)=[Passenger(name=P-0), Passenger(name=P-8), Passenger(name=P-3)]}, {Driver(name=D-5)=[Passenger(name=P-14), Passenger(name=P-3), Passenger(name=P-1)]}, {Driver(name=D-2)=[Passenger(name=P-8)]}, {Driver(name=D-3)=[Passenger(name=P-12), Passenger(name=P-15), Passenger(name=P-8)]}, {Driver(name=D-5)=[Passenger(name=P-15), Passenger(name=P-10)]}, {Driver(name=D-2)=[Passenger(name=P-3)]}, {Driver(name=D-3)=[Passenger(name=P-13), Passenger(name=P-15)]}, {Driver(name=D-0)=[Passenger(name=P-12)]}, {Driver(name=D-3)=[Passenger(name=P-3), Passenger(name=P-6)]}, {Driver(name=D-4)=[Passenger(name=P-3), Passenger(name=P-13)]}, {Driver(name=D-3)=[Passenger(name=P-13), Passenger(name=P-4)]}, {Driver(name=D-3)=[Passenger(name=P-3), Passenger(name=P-15)]}, {Driver(name=D-4)=[Passenger(name=P-15)]}, {Driver(name=D-1)=[Passenger(name=P-8), Passenger(name=P-5)]}, {Driver(name=D-0)=[Passenger(name=P-15), Passenger(name=P-10)]}]
[{Driver(name=D-4)=[Passenger(name=P-0), Passenger(name=P-5)]}, {Driver(name=D-5)=[Passenger(name=P-1), Passenger(name=P-9)]}, {Driver(name=D-1)=[Passenger(name=P-8), Passenger(name=P-7), Passenger(name=P-0)]}, {Driver(name=D-0)=[Passenger(name=P-11)]}, {Driver(name=D-3)=[Passenger(name=P-1), Passenger(name=P-7)]}, {Driver(name=D-4)=[Passenger(name=P-0), Passenger(name=P-8), Passenger(name=P-3)]}, {Driver(name=D-5)=[Passenger(name=P-14), Passenger(name=P-3), Passenger(name=P-1)]}, {Driver(name=D-2)=[Passenger(name=P-8)]}, {Driver(name=D-3)=[Passenger(name=P-12), Passenger(name=P-15), Passenger(name=P-8)]}, {Driver(name=D-5)=[Passenger(name=P-15), Passenger(name=P-10)]}, {Driver(name=D-2)=[Passenger(name=P-3)]}, {Driver(name=D-3)=[Passenger(name=P-13), Passenger(name=P-15)]}, {Driver(name=D-0)=[Passenger(name=P-12)]}, {Driver(name=D-3)=[Passenger(name=P-3), Passenger(name=P-6)]}, {Driver(name=D-4)=[Passenger(name=P-3), Passenger(name=P-13)]}, {Driver(name=D-3)=[Passenger(name=P-13), Passenger(name=P-4)]}, {Driver(name=D-3)=[Passenger(name=P-3), Passenger(name=P-15)]}, {Driver(name=D-4)=[Passenger(name=P-15)]}, {Driver(name=D-1)=[Passenger(name=P-8), Passenger(name=P-5)]}, {Driver(name=D-0)=[Passenger(name=P-15), Passenger(name=P-10)]}]
[]
[{Driver(name=D-1)=[Passenger(name=P-4)]}, {Driver(name=D-1)=[Passenger(name=P-0)]}, {Driver(name=D-0)=[Passenger(name=P-5), Passenger(name=P-0)]}, {Driver(name=D-0)=[Passenger(name=P-0), Passenger(name=P-4)]}, {Driver(name=D-1)=[Passenger(name=P-1)]}, {Driver(name=D-1)=[Passenger(name=P-4), Passenger(name=P-3)]}, {Driver(name=D-1)=[Passenger(name=P-5), Passenger(name=P-3)]}, {Driver(name=D-0)=[Passenger(name=P-0)]}, {Driver(name=D-1)=[Passenger(name=P-5), Passenger(name=P-2)]}, {Driver(name=D-1)=[Passenger(name=P-4)]}, {Driver(name=D-1)=[Passenger(name=P-0), Passenger(name=P-1), Passenger(name=P-4)]}, {Driver(name=D-1)=[Passenger(name=P-5), Passenger(name=P-4)]}, {Driver(name=D-1)=[Passenger(name=P-5), Passenger(name=P-1)]}, {Driver(name=D-1)=[Passenger(name=P-0), Passenger(name=P-4)]}, {Driver(name=D-1)=[Passenger(name=P-2), Passenger(name=P-5)]}, {Driver(name=D-1)=[Passenger(name=P-0), Passenger(name=P-2)]}, {Driver(name=D-1)=[Passenger(name=P-2), Passenger(name=P-4), Passenger(name=P-1)]}, {Driver(name=D-0)=[Passenger(name=P-1), Passenger(name=P-5)]}, {Driver(name=D-1)=[Passenger(name=P-4), Passenger(name=P-3), Passenger(name=P-0)]}, {Driver(name=D-0)=[Passenger(name=P-5)]}]
[{Driver(name=D-0)=[Passenger(name=P-4)]}, {Driver(name=D-0)=[Passenger(name=P-3), Passenger(name=P-5), Passenger(name=P-0)]}, {Driver(name=D-0)=[Passenger(name=P-5), Passenger(name=P-3)]}, {Driver(name=D-1)=[Passenger(name=P-2)]}, {Driver(name=D-0)=[Passenger(name=P-4)]}, {Driver(name=D-1)=[Passenger(name=P-5)]}, {Driver(name=D-1)=[Passenger(name=P-0), Passenger(name=P-5), Passenger(name=P-1)]}, {Driver(name=D-0)=[Passenger(name=P-5), Passenger(name=P-4)]}, {Driver(name=D-1)=[Passenger(name=P-4)]}, {Driver(name=D-1)=[Passenger(name=P-0), Passenger(name=P-2)]}, {Driver(name=D-0)=[Passenger(name=P-1), Passenger(name=P-3)]}, {Driver(name=D-0)=[Passenger(name=P-2), Passenger(name=P-3)]}, {Driver(name=D-1)=[Passenger(name=P-4), Passenger(name=P-3)]}, {Driver(name=D-1)=[Passenger(name=P-4), Passenger(name=P-2)]}, {Driver(name=D-1)=[Passenger(name=P-0), Passenger(name=P-4), Passenger(name=P-5)]}, {Driver(name=D-0)=[Passenger(name=P-5), Passenger(name=P-4)]}, {Driver(name=D-0)=[Passenger(name=P-2)]}, {Driver(name=D-0)=[Passenger(name=P-0)]}, {Driver(name=D-1)=[Passenger(name=P-1), Passenger(name=P-0)]}, {Driver(name=D-1)=[Passenger(name=P-4), Passenger(name=P-0)]}]
</pre>
</span>
</div>
</div>
<div id="footer">
<p>
<div>
<label class="hidden" id="label-for-line-wrapping-toggle" for="line-wrapping-toggle">Wrap lines
<input id="line-wrapping-toggle" type="checkbox" autocomplete="off"/>
</label>
</div>Generated by 
<a href="http://www.gradle.org">Gradle 6.7</a> at Apr 23, 2021 8:36:43 AM</p>
</div>
</div>
</body>
</html>
